<?xml version="1.0" encoding="UTF-8"?>
<!-- Generated by org.testng.reporters.JUnitXMLReporter -->
<testsuite ignored="1" hostname="SURESH-PC" failures="2" tests="24" name="Surefire test" time="181.987" errors="0" timestamp="2024-04-11T17:13:45 IST">
  <testcase classname="pageObjectModel.TestCases.LoginPageTest" name="verifyUrl" time="0.03"/>
  <testcase classname="pageObjectModel.TestCases.LoginPageTest" name="verifyTitle" time="0.016"/>
  <testcase classname="pageObjectModel.TestCases.LoginPageTest" name="verifyLogin" time="2.565"/>
  <testcase classname="pageObjectModel.TestCases.NewLoginPageTest" name="verifyUrl" time="0.069"/>
  <testcase classname="pageObjectModel.TestCases.NewLoginPageTest" name="verifyLogin" time="5.377"/>
  <testcase classname="TestNGDemo.TestDemo1" name="testCase1" time="0.001"/>
  <testcase classname="TestNGDemo.TestDemo1" name="testcase2" time="0.0"/>
  <testcase classname="TestNGDemo.TestDemo2" name="ChromeTest" time="5.31"/>
  <testcase classname="TestNGDemo.TestDemo2" name="Firefox" time="85.813"/>
  <testcase classname="TestNGDemo.TestDemo2" name="edgeTest" time="10.307">
    <failure type="org.openqa.selenium.WebDriverException" message="target frame detached
  (failed to check if window was closed: disconnected: Unable to receive message from renderer)
  (Session info: MicrosoftEdge=123.0.2420.81)
Build info: version: &amp;apos;4.16.1&amp;apos;, revision: &amp;apos;9b4c83354e&amp;apos;
System info: os.name: &amp;apos;Windows 11&amp;apos;, os.arch: &amp;apos;amd64&amp;apos;, os.version: &amp;apos;10.0&amp;apos;, java.version: &amp;apos;17.0.9&amp;apos;
Driver info: org.openqa.selenium.edge.EdgeDriver
Command: [3e2b76da71b46d2430e2419bc2c0b6e6, get {url=https://www.amazon.com}]
Capabilities {acceptInsecureCerts: false, browserName: MicrosoftEdge, browserVersion: 123.0.2420.81, fedcm:accounts: true, ms:edgeOptions: {debuggerAddress: localhost:61825}, msedge: {msedgedriverVersion: 123.0.2420.81 (8acdca46cf48..., userDataDir: C:\Users\sures\AppData\Loca...}, networkConnectionEnabled: false, pageLoadStrategy: normal, platformName: windows, proxy: Proxy(), se:cdp: ws://localhost:61825/devtoo..., se:cdpVersion: 123.0.2420.81, setWindowRect: true, strictFileInteractability: false, timeouts: {implicit: 0, pageLoad: 300000, script: 30000}, unhandledPromptBehavior: dismiss and notify, webauthn:extension:credBlob: true, webauthn:extension:largeBlob: true, webauthn:extension:minPinLength: true, webauthn:extension:prf: true, webauthn:virtualAuthenticators: true}
Session ID: 3e2b76da71b46d2430e2419bc2c0b6e6">
      <![CDATA[org.openqa.selenium.WebDriverException: target frame detached
  (failed to check if window was closed: disconnected: Unable to receive message from renderer)
  (Session info: MicrosoftEdge=123.0.2420.81)
Build info: version: '4.16.1', revision: '9b4c83354e'
System info: os.name: 'Windows 11', os.arch: 'amd64', os.version: '10.0', java.version: '17.0.9'
Driver info: org.openqa.selenium.edge.EdgeDriver
Command: [3e2b76da71b46d2430e2419bc2c0b6e6, get {url=https://www.amazon.com}]
Capabilities {acceptInsecureCerts: false, browserName: MicrosoftEdge, browserVersion: 123.0.2420.81, fedcm:accounts: true, ms:edgeOptions: {debuggerAddress: localhost:61825}, msedge: {msedgedriverVersion: 123.0.2420.81 (8acdca46cf48..., userDataDir: C:\Users\sures\AppData\Loca...}, networkConnectionEnabled: false, pageLoadStrategy: normal, platformName: windows, proxy: Proxy(), se:cdp: ws://localhost:61825/devtoo..., se:cdpVersion: 123.0.2420.81, setWindowRect: true, strictFileInteractability: false, timeouts: {implicit: 0, pageLoad: 300000, script: 30000}, unhandledPromptBehavior: dismiss and notify, webauthn:extension:credBlob: true, webauthn:extension:largeBlob: true, webauthn:extension:minPinLength: true, webauthn:extension:prf: true, webauthn:virtualAuthenticators: true}
Session ID: 3e2b76da71b46d2430e2419bc2c0b6e6
at org.openqa.selenium.remote.codec.w3c.W3CHttpResponseCodec.createException(W3CHttpResponseCodec.java:200)
at org.openqa.selenium.remote.codec.w3c.W3CHttpResponseCodec.decode(W3CHttpResponseCodec.java:133)
at org.openqa.selenium.remote.codec.w3c.W3CHttpResponseCodec.decode(W3CHttpResponseCodec.java:52)
at org.openqa.selenium.remote.HttpCommandExecutor.execute(HttpCommandExecutor.java:191)
at org.openqa.selenium.remote.service.DriverCommandExecutor.invokeExecute(DriverCommandExecutor.java:200)
at org.openqa.selenium.remote.service.DriverCommandExecutor.execute(DriverCommandExecutor.java:175)
at org.openqa.selenium.remote.RemoteWebDriver.execute(RemoteWebDriver.java:523)
at org.openqa.selenium.remote.RemoteWebDriver.get(RemoteWebDriver.java:305)
at TestNGDemo.TestDemo2.edgeTest(TestDemo2.java:30)
at java.base/java.util.ArrayList.forEach(ArrayList.java:1511)
... Removed 37 stack frames]]>
    </failure>
  </testcase> <!-- edgeTest -->
  <testcase classname="TestNGDemo.TestDemo3_Priority" name="RegisterTest" time="0.0"/>
  <testcase classname="TestNGDemo.TestDemo3_Priority" name="LoginTest" time="0.007"/>
  <testcase classname="TestNGDemo.TestDemo3_Priority" name="SearchProductTest" time="0.0"/>
  <testcase classname="TestNGDemo.TestDemo3_Priority" name="AddToCartTest" time="0.0"/>
  <testcase classname="TestNGDemo.TestDemo4_InvocationCount" name="enrollForTheCourse" time="0.0"/>
  <testcase classname="TestNGDemo.TestDemo4_InvocationCount" name="training" time="0.0"/>
  <testcase classname="TestNGDemo.TestDemo4_InvocationCount" name="placementCall" time="0.0"/>
  <testcase classname="TestNGDemo.TestDemo4_InvocationCount" name="placementCall" time="0.0"/>
  <testcase classname="TestNGDemo.TestDemo4_InvocationCount" name="placementCall" time="0.0"/>
  <testcase classname="TestNGDemo.TestDependsOnMethod" name="register" time="0.008">
    <failure type="java.lang.AssertionError">
      <![CDATA[java.lang.AssertionError: 
at TestNGDemo.TestDependsOnMethod.register(TestDependsOnMethod.java:14)
at java.base/java.util.ArrayList.forEach(ArrayList.java:1511)
... Removed 35 stack frames]]>
    </failure>
  </testcase> <!-- register -->
  <testcase classname="TestNGDemo.TestDependsOnMethod" name="login" time="0.0">
    <skipped/>
  </testcase> <!-- login -->
  <testcase classname="TestNGDemo.TestDisableFromExecution" name="testcase1" time="0.0"/>
  <testcase classname="TestNGDemo.TestDisableFromExecution" name="testcase2" time="0.0"/>
  <testcase classname="TestNGDemo.TestDisableFromExecution" name="testcase4" time="0.005"/>
  <testcase classname="TestNGDemo.TestDisableFromExecution" name="testcase3" time="0.0">
    <ignored/>
  </testcase> <!-- testcase3 -->
</testsuite> <!-- Surefire test -->
